2024-07-29 15:17:35,620 [Worker-3: Loading available Gradle versions] INFO  o.e.b.c.i.u.g.PublishedGradleVersions - Gradle version information cache is up-to-date. Trying to read.
2024-07-29 15:27:05,655 [Worker-0: Loading available Gradle versions] INFO  o.e.b.c.i.u.g.PublishedGradleVersions - Gradle version information cache is up-to-date. Trying to read.
2024-07-29 15:29:24,268 [ModalContext] ERROR o.e.m.c.u.i.w.MavenProjectWizardArchetypePage - Can't resolve Archetype ar.edu.unlp.info.oo1:objetos-uno:0.0.1-SNAPSHOT
org.eclipse.core.runtime.CoreException: Could not resolve artifact ar.edu.unlp.info.oo1:objetos-uno:pom:0.0.1-SNAPSHOT
	at org.eclipse.m2e.core.internal.embedder.MavenImpl.lambda$4(MavenImpl.java:804)
	at org.eclipse.m2e.core.internal.embedder.MavenExecutionContext.executeBare(MavenExecutionContext.java:179)
	at org.eclipse.m2e.core.internal.embedder.MavenExecutionContext.execute(MavenExecutionContext.java:153)
	at org.eclipse.m2e.core.internal.embedder.MavenExecutionContext.execute(MavenExecutionContext.java:101)
	at org.eclipse.m2e.core.internal.embedder.MavenImpl.resolve(MavenImpl.java:772)
	at org.eclipse.m2e.core.internal.embedder.MavenImpl.resolve(MavenImpl.java:749)
	at org.eclipse.m2e.core.ui.internal.wizards.MavenProjectWizardArchetypePage.lambda$9(MavenProjectWizardArchetypePage.java:812)
	at org.eclipse.jface.operation.ModalContext$ModalContextThread.run(ModalContext.java:122)
2024-07-29 15:29:40,697 [ModalContext] WARN  o.e.m.c.i.embedder.EclipseLogger - The metadata C:\Users\marti\.m2\repository\ar\edu\unlp\info\oo1\objetos-uno\0.0.1-SNAPSHOT\maven-metadata-objetos-uno-repo.xml is invalid: only whitespace content allowed before start tag and not P (position: START_DOCUMENT seen P... @1:1) 
2024-07-29 15:29:40,719 [ModalContext] WARN  o.e.m.c.i.embedder.EclipseLogger - The metadata C:\Users\marti\.m2\repository\ar\edu\unlp\info\oo1\objetos-uno\0.0.1-SNAPSHOT\maven-metadata-objetos-uno-repo.xml is invalid: only whitespace content allowed before start tag and not P (position: START_DOCUMENT seen P... @1:1) 
2024-07-29 15:30:07,821 [ModalContext] WARN  o.e.m.c.i.embedder.EclipseLogger - The metadata C:\Users\marti\.m2\repository\ar\edu\unlp\info\oo1\objetos-uno\0.0.1-SNAPSHOT\maven-metadata-objetos-uno-repo.xml is invalid: only whitespace content allowed before start tag and not P (position: START_DOCUMENT seen P... @1:1) 
2024-07-29 15:30:07,833 [ModalContext] WARN  o.e.m.c.i.embedder.EclipseLogger - The metadata C:\Users\marti\.m2\repository\ar\edu\unlp\info\oo1\objetos-uno\0.0.1-SNAPSHOT\maven-metadata-objetos-uno-repo.xml is invalid: only whitespace content allowed before start tag and not P (position: START_DOCUMENT seen P... @1:1) 
2024-07-29 15:31:25,610 [Worker-4: Creating objetos-uno] WARN  o.e.m.c.i.embedder.EclipseLogger - The metadata C:\Users\marti\.m2\repository\ar\edu\unlp\info\oo1\objetos-uno\0.0.1-SNAPSHOT\maven-metadata-objetos-uno-repo.xml is invalid: only whitespace content allowed before start tag and not P (position: START_DOCUMENT seen P... @1:1) 
2024-07-29 15:31:25,633 [Worker-4: Creating objetos-uno] WARN  o.e.m.c.i.embedder.EclipseLogger - The metadata C:\Users\marti\.m2\repository\ar\edu\unlp\info\oo1\objetos-uno\0.0.1-SNAPSHOT\maven-metadata-objetos-uno-repo.xml is invalid: only whitespace content allowed before start tag and not P (position: START_DOCUMENT seen P... @1:1) 
2024-07-29 15:31:25,967 [Worker-4: Creating objetos-uno] INFO  o.e.m.c.i.p.ProjectConfigurationManager - Collecting project info '/pom.xml' C:\Users\marti\Escritorio\TESIS\Ejercicios\ejercicio01\pom.xml
2024-07-29 15:31:29,894 [Worker-4: Creating objetos-uno] INFO  o.e.m.c.i.l.LifecycleMappingFactory - Using org.eclipse.m2e.jdt.JarLifecycleMapping lifecycle mapping for MavenProject: ar.edu.unlp.info.oo1:ejercicio01:0.0.1-SNAPSHOT @ C:\Users\marti\Escritorio\TESIS\Ejercicios\ejercicio01\pom.xml.
2024-07-29 15:31:30,446 [Worker-4: Creating objetos-uno] INFO  o.e.m.j.i.AbstractJavaProjectConfigurator - Adding source folder /ejercicio01/src/main/java
2024-07-29 15:31:30,455 [Worker-4: Creating objetos-uno] INFO  o.e.m.j.i.AbstractJavaProjectConfigurator - Adding source folder /ejercicio01/src/test/java
2024-07-29 15:31:31,795 [Worker-4: Creating objetos-uno] INFO  o.e.m.c.i.p.ProjectConfigurationManager - Imported and configured 1 project(s) in 5 sec
2024-07-29 15:31:32,897 [Worker-13: Building] INFO  o.e.m.c.i.embedder.EclipseLogger - Using 'UTF-8' encoding to copy filtered resources.
2024-07-29 15:31:32,898 [Worker-13: Building] INFO  o.e.m.c.i.embedder.EclipseLogger - skip non existing resourceDirectory C:\Users\marti\Escritorio\TESIS\Ejercicios\ejercicio01\src\main\resources
2024-07-29 15:31:32,902 [Worker-13: Building] INFO  o.e.m.c.i.embedder.EclipseLogger - Using 'UTF-8' encoding to copy filtered resources.
2024-07-29 15:31:32,902 [Worker-13: Building] INFO  o.e.m.c.i.embedder.EclipseLogger - skip non existing resourceDirectory C:\Users\marti\Escritorio\TESIS\Ejercicios\ejercicio01\src\test\resources
2024-07-29 15:32:53,793 [Worker-12: Building] INFO  o.e.m.c.i.embedder.EclipseLogger - Using 'UTF-8' encoding to copy filtered resources.
2024-07-29 15:32:53,803 [Worker-12: Building] INFO  o.e.m.c.i.embedder.EclipseLogger - skip non existing resourceDirectory C:\Users\marti\Escritorio\TESIS\Ejercicios\ejercicio01\src\main\resources
2024-07-29 15:32:53,808 [Worker-12: Building] INFO  o.e.m.c.i.embedder.EclipseLogger - Using 'UTF-8' encoding to copy filtered resources.
2024-07-29 15:32:53,810 [Worker-12: Building] INFO  o.e.m.c.i.embedder.EclipseLogger - skip non existing resourceDirectory C:\Users\marti\Escritorio\TESIS\Ejercicios\ejercicio01\src\test\resources
2024-07-29 15:33:48,355 [Worker-16: Creating objetos-uno] WARN  o.e.m.c.i.embedder.EclipseLogger - The metadata C:\Users\marti\.m2\repository\ar\edu\unlp\info\oo1\objetos-uno\0.0.1-SNAPSHOT\maven-metadata-objetos-uno-repo.xml is invalid: only whitespace content allowed before start tag and not P (position: START_DOCUMENT seen P... @1:1) 
2024-07-29 15:33:48,379 [Worker-16: Creating objetos-uno] WARN  o.e.m.c.i.embedder.EclipseLogger - The metadata C:\Users\marti\.m2\repository\ar\edu\unlp\info\oo1\objetos-uno\0.0.1-SNAPSHOT\maven-metadata-objetos-uno-repo.xml is invalid: only whitespace content allowed before start tag and not P (position: START_DOCUMENT seen P... @1:1) 
2024-07-29 15:33:48,434 [Worker-16: Creating objetos-uno] INFO  o.e.m.c.i.p.ProjectConfigurationManager - Collecting project info '/pom.xml' C:\Users\marti\Escritorio\TESIS\Ejercicios\ejercicio02\pom.xml
2024-07-29 15:33:48,639 [Worker-16: Creating objetos-uno] INFO  o.e.m.c.i.l.LifecycleMappingFactory - Using org.eclipse.m2e.jdt.JarLifecycleMapping lifecycle mapping for MavenProject: ar.edu.unlp.info.oo1:ejercicio02:0.0.1-SNAPSHOT @ C:\Users\marti\Escritorio\TESIS\Ejercicios\ejercicio02\pom.xml.
2024-07-29 15:33:48,775 [Worker-16: Creating objetos-uno] INFO  o.e.m.j.i.AbstractJavaProjectConfigurator - Adding source folder /ejercicio02/src/main/java
2024-07-29 15:33:48,784 [Worker-16: Creating objetos-uno] INFO  o.e.m.j.i.AbstractJavaProjectConfigurator - Adding source folder /ejercicio02/src/test/java
2024-07-29 15:33:48,881 [Worker-16: Creating objetos-uno] INFO  o.e.m.c.i.p.ProjectConfigurationManager - Imported and configured 1 project(s) in 0 sec
2024-07-29 15:33:49,238 [Worker-13: Building] INFO  o.e.m.c.i.embedder.EclipseLogger - Using 'UTF-8' encoding to copy filtered resources.
2024-07-29 15:33:49,239 [Worker-13: Building] INFO  o.e.m.c.i.embedder.EclipseLogger - skip non existing resourceDirectory C:\Users\marti\Escritorio\TESIS\Ejercicios\ejercicio02\src\main\resources
2024-07-29 15:33:49,240 [Worker-13: Building] INFO  o.e.m.c.i.embedder.EclipseLogger - Using 'UTF-8' encoding to copy filtered resources.
2024-07-29 15:33:49,241 [Worker-13: Building] INFO  o.e.m.c.i.embedder.EclipseLogger - skip non existing resourceDirectory C:\Users\marti\Escritorio\TESIS\Ejercicios\ejercicio02\src\test\resources
2024-07-29 15:37:31,008 [Worker-17: Building] INFO  o.e.m.c.i.embedder.EclipseLogger - Using 'UTF-8' encoding to copy filtered resources.
2024-07-29 15:37:31,018 [Worker-17: Building] INFO  o.e.m.c.i.embedder.EclipseLogger - skip non existing resourceDirectory C:\Users\marti\Escritorio\TESIS\Ejercicios\ejercicio01\src\main\resources
2024-07-29 15:37:31,021 [Worker-17: Building] INFO  o.e.m.c.i.embedder.EclipseLogger - Using 'UTF-8' encoding to copy filtered resources.
2024-07-29 15:37:31,021 [Worker-17: Building] INFO  o.e.m.c.i.embedder.EclipseLogger - skip non existing resourceDirectory C:\Users\marti\Escritorio\TESIS\Ejercicios\ejercicio01\src\test\resources
2024-07-29 15:37:46,182 [Worker-17: Building] INFO  o.e.m.c.i.embedder.EclipseLogger - Using 'UTF-8' encoding to copy filtered resources.
2024-07-29 15:37:46,185 [Worker-17: Building] INFO  o.e.m.c.i.embedder.EclipseLogger - skip non existing resourceDirectory C:\Users\marti\Escritorio\TESIS\Ejercicios\ejercicio01\src\main\resources
2024-07-29 15:37:46,187 [Worker-17: Building] INFO  o.e.m.c.i.embedder.EclipseLogger - Using 'UTF-8' encoding to copy filtered resources.
2024-07-29 15:37:46,188 [Worker-17: Building] INFO  o.e.m.c.i.embedder.EclipseLogger - skip non existing resourceDirectory C:\Users\marti\Escritorio\TESIS\Ejercicios\ejercicio01\src\test\resources
2024-07-29 15:37:56,159 [Worker-15: Building] INFO  o.e.m.c.i.embedder.EclipseLogger - Using 'UTF-8' encoding to copy filtered resources.
2024-07-29 15:37:56,160 [Worker-15: Building] INFO  o.e.m.c.i.embedder.EclipseLogger - skip non existing resourceDirectory C:\Users\marti\Escritorio\TESIS\Ejercicios\ejercicio01\src\main\resources
2024-07-29 15:37:56,161 [Worker-15: Building] INFO  o.e.m.c.i.embedder.EclipseLogger - Using 'UTF-8' encoding to copy filtered resources.
2024-07-29 15:37:56,162 [Worker-15: Building] INFO  o.e.m.c.i.embedder.EclipseLogger - skip non existing resourceDirectory C:\Users\marti\Escritorio\TESIS\Ejercicios\ejercicio01\src\test\resources
2024-07-29 15:38:09,572 [Worker-15: Building] INFO  o.e.m.c.i.embedder.EclipseLogger - Using 'UTF-8' encoding to copy filtered resources.
2024-07-29 15:38:09,573 [Worker-15: Building] INFO  o.e.m.c.i.embedder.EclipseLogger - skip non existing resourceDirectory C:\Users\marti\Escritorio\TESIS\Ejercicios\ejercicio01\src\main\resources
2024-07-29 15:38:09,575 [Worker-15: Building] INFO  o.e.m.c.i.embedder.EclipseLogger - Using 'UTF-8' encoding to copy filtered resources.
2024-07-29 15:38:09,576 [Worker-15: Building] INFO  o.e.m.c.i.embedder.EclipseLogger - skip non existing resourceDirectory C:\Users\marti\Escritorio\TESIS\Ejercicios\ejercicio01\src\test\resources
2024-07-29 15:38:24,546 [Worker-17: Building] INFO  o.e.m.c.i.embedder.EclipseLogger - Using 'UTF-8' encoding to copy filtered resources.
2024-07-29 15:38:24,546 [Worker-17: Building] INFO  o.e.m.c.i.embedder.EclipseLogger - skip non existing resourceDirectory C:\Users\marti\Escritorio\TESIS\Ejercicios\ejercicio01\src\main\resources
2024-07-29 15:38:24,550 [Worker-17: Building] INFO  o.e.m.c.i.embedder.EclipseLogger - Using 'UTF-8' encoding to copy filtered resources.
2024-07-29 15:38:24,550 [Worker-17: Building] INFO  o.e.m.c.i.embedder.EclipseLogger - skip non existing resourceDirectory C:\Users\marti\Escritorio\TESIS\Ejercicios\ejercicio01\src\test\resources
2024-07-29 15:38:34,450 [Worker-18: Building] INFO  o.e.m.c.i.embedder.EclipseLogger - Using 'UTF-8' encoding to copy filtered resources.
2024-07-29 15:38:34,451 [Worker-18: Building] INFO  o.e.m.c.i.embedder.EclipseLogger - skip non existing resourceDirectory C:\Users\marti\Escritorio\TESIS\Ejercicios\ejercicio01\src\main\resources
2024-07-29 15:38:34,453 [Worker-18: Building] INFO  o.e.m.c.i.embedder.EclipseLogger - Using 'UTF-8' encoding to copy filtered resources.
2024-07-29 15:38:34,454 [Worker-18: Building] INFO  o.e.m.c.i.embedder.EclipseLogger - skip non existing resourceDirectory C:\Users\marti\Escritorio\TESIS\Ejercicios\ejercicio01\src\test\resources
2024-07-29 15:39:12,562 [Worker-12: Building] INFO  o.e.m.c.i.embedder.EclipseLogger - Using 'UTF-8' encoding to copy filtered resources.
2024-07-29 15:39:12,563 [Worker-12: Building] INFO  o.e.m.c.i.embedder.EclipseLogger - skip non existing resourceDirectory C:\Users\marti\Escritorio\TESIS\Ejercicios\ejercicio01\src\main\resources
2024-07-29 15:39:12,565 [Worker-12: Building] INFO  o.e.m.c.i.embedder.EclipseLogger - Using 'UTF-8' encoding to copy filtered resources.
2024-07-29 15:39:12,565 [Worker-12: Building] INFO  o.e.m.c.i.embedder.EclipseLogger - skip non existing resourceDirectory C:\Users\marti\Escritorio\TESIS\Ejercicios\ejercicio01\src\test\resources
2024-07-29 15:39:26,394 [Worker-12: Building] INFO  o.e.m.c.i.embedder.EclipseLogger - Using 'UTF-8' encoding to copy filtered resources.
2024-07-29 15:39:26,395 [Worker-12: Building] INFO  o.e.m.c.i.embedder.EclipseLogger - skip non existing resourceDirectory C:\Users\marti\Escritorio\TESIS\Ejercicios\ejercicio01\src\main\resources
2024-07-29 15:39:26,397 [Worker-12: Building] INFO  o.e.m.c.i.embedder.EclipseLogger - Using 'UTF-8' encoding to copy filtered resources.
2024-07-29 15:39:26,398 [Worker-12: Building] INFO  o.e.m.c.i.embedder.EclipseLogger - skip non existing resourceDirectory C:\Users\marti\Escritorio\TESIS\Ejercicios\ejercicio01\src\test\resources
2024-07-29 15:39:33,730 [Worker-19: Building] INFO  o.e.m.c.i.embedder.EclipseLogger - Using 'UTF-8' encoding to copy filtered resources.
2024-07-29 15:39:33,731 [Worker-19: Building] INFO  o.e.m.c.i.embedder.EclipseLogger - skip non existing resourceDirectory C:\Users\marti\Escritorio\TESIS\Ejercicios\ejercicio01\src\main\resources
2024-07-29 15:39:33,733 [Worker-19: Building] INFO  o.e.m.c.i.embedder.EclipseLogger - Using 'UTF-8' encoding to copy filtered resources.
2024-07-29 15:39:33,733 [Worker-19: Building] INFO  o.e.m.c.i.embedder.EclipseLogger - skip non existing resourceDirectory C:\Users\marti\Escritorio\TESIS\Ejercicios\ejercicio01\src\test\resources
2024-07-29 15:40:31,015 [Worker-17: Building] INFO  o.e.m.c.i.embedder.EclipseLogger - Using 'UTF-8' encoding to copy filtered resources.
2024-07-29 15:40:31,017 [Worker-17: Building] INFO  o.e.m.c.i.embedder.EclipseLogger - skip non existing resourceDirectory C:\Users\marti\Escritorio\TESIS\Ejercicios\ejercicio01\src\main\resources
2024-07-29 15:40:31,020 [Worker-17: Building] INFO  o.e.m.c.i.embedder.EclipseLogger - Using 'UTF-8' encoding to copy filtered resources.
2024-07-29 15:40:31,020 [Worker-17: Building] INFO  o.e.m.c.i.embedder.EclipseLogger - skip non existing resourceDirectory C:\Users\marti\Escritorio\TESIS\Ejercicios\ejercicio01\src\test\resources
2024-07-29 15:41:39,149 [Worker-19: Launching ar.edu.unlp.info.oo1.ejercicio01] INFO  o.e.m.c.i.embedder.EclipseLogger - Using 'UTF-8' encoding to copy filtered resources.
2024-07-29 15:41:39,157 [Worker-19: Launching ar.edu.unlp.info.oo1.ejercicio01] INFO  o.e.m.c.i.embedder.EclipseLogger - skip non existing resourceDirectory C:\Users\marti\Escritorio\TESIS\Ejercicios\ejercicio01\src\main\resources
2024-07-29 15:41:39,164 [Worker-19: Launching ar.edu.unlp.info.oo1.ejercicio01] INFO  o.e.m.c.i.embedder.EclipseLogger - Using 'UTF-8' encoding to copy filtered resources.
2024-07-29 15:41:39,165 [Worker-19: Launching ar.edu.unlp.info.oo1.ejercicio01] INFO  o.e.m.c.i.embedder.EclipseLogger - skip non existing resourceDirectory C:\Users\marti\Escritorio\TESIS\Ejercicios\ejercicio01\src\test\resources
2024-07-29 15:44:33,098 [Worker-20: Building] INFO  o.e.m.c.i.embedder.EclipseLogger - Using 'UTF-8' encoding to copy filtered resources.
2024-07-29 15:44:33,118 [Worker-20: Building] INFO  o.e.m.c.i.embedder.EclipseLogger - skip non existing resourceDirectory C:\Users\marti\Escritorio\TESIS\Ejercicios\ejercicio02\src\main\resources
2024-07-29 15:44:33,123 [Worker-20: Building] INFO  o.e.m.c.i.embedder.EclipseLogger - Using 'UTF-8' encoding to copy filtered resources.
2024-07-29 15:44:33,124 [Worker-20: Building] INFO  o.e.m.c.i.embedder.EclipseLogger - skip non existing resourceDirectory C:\Users\marti\Escritorio\TESIS\Ejercicios\ejercicio02\src\test\resources
2024-07-29 15:44:43,047 [Worker-22: Building] INFO  o.e.m.c.i.embedder.EclipseLogger - Using 'UTF-8' encoding to copy filtered resources.
2024-07-29 15:44:43,048 [Worker-22: Building] INFO  o.e.m.c.i.embedder.EclipseLogger - skip non existing resourceDirectory C:\Users\marti\Escritorio\TESIS\Ejercicios\ejercicio02\src\main\resources
2024-07-29 15:44:43,054 [Worker-22: Building] INFO  o.e.m.c.i.embedder.EclipseLogger - Using 'UTF-8' encoding to copy filtered resources.
2024-07-29 15:44:43,054 [Worker-22: Building] INFO  o.e.m.c.i.embedder.EclipseLogger - skip non existing resourceDirectory C:\Users\marti\Escritorio\TESIS\Ejercicios\ejercicio02\src\test\resources
2024-07-29 15:45:12,325 [Worker-22: Building] INFO  o.e.m.c.i.embedder.EclipseLogger - Using 'UTF-8' encoding to copy filtered resources.
2024-07-29 15:45:12,326 [Worker-22: Building] INFO  o.e.m.c.i.embedder.EclipseLogger - skip non existing resourceDirectory C:\Users\marti\Escritorio\TESIS\Ejercicios\ejercicio02\src\main\resources
2024-07-29 15:45:12,329 [Worker-22: Building] INFO  o.e.m.c.i.embedder.EclipseLogger - Using 'UTF-8' encoding to copy filtered resources.
2024-07-29 15:45:12,329 [Worker-22: Building] INFO  o.e.m.c.i.embedder.EclipseLogger - skip non existing resourceDirectory C:\Users\marti\Escritorio\TESIS\Ejercicios\ejercicio02\src\test\resources
2024-07-29 15:45:19,708 [Worker-15: Building] INFO  o.e.m.c.i.embedder.EclipseLogger - Using 'UTF-8' encoding to copy filtered resources.
2024-07-29 15:45:19,708 [Worker-15: Building] INFO  o.e.m.c.i.embedder.EclipseLogger - skip non existing resourceDirectory C:\Users\marti\Escritorio\TESIS\Ejercicios\ejercicio02\src\main\resources
2024-07-29 15:45:19,710 [Worker-15: Building] INFO  o.e.m.c.i.embedder.EclipseLogger - Using 'UTF-8' encoding to copy filtered resources.
2024-07-29 15:45:19,710 [Worker-15: Building] INFO  o.e.m.c.i.embedder.EclipseLogger - skip non existing resourceDirectory C:\Users\marti\Escritorio\TESIS\Ejercicios\ejercicio02\src\test\resources
2024-07-29 15:46:12,793 [Worker-15: Building] INFO  o.e.m.c.i.embedder.EclipseLogger - Using 'UTF-8' encoding to copy filtered resources.
2024-07-29 15:46:12,803 [Worker-15: Building] INFO  o.e.m.c.i.embedder.EclipseLogger - skip non existing resourceDirectory C:\Users\marti\Escritorio\TESIS\Ejercicios\ejercicio02\src\main\resources
2024-07-29 15:46:12,809 [Worker-15: Building] INFO  o.e.m.c.i.embedder.EclipseLogger - Using 'UTF-8' encoding to copy filtered resources.
2024-07-29 15:46:12,809 [Worker-15: Building] INFO  o.e.m.c.i.embedder.EclipseLogger - skip non existing resourceDirectory C:\Users\marti\Escritorio\TESIS\Ejercicios\ejercicio02\src\test\resources
2024-07-29 15:46:23,070 [Worker-22: Building] INFO  o.e.m.c.i.embedder.EclipseLogger - Using 'UTF-8' encoding to copy filtered resources.
2024-07-29 15:46:23,071 [Worker-22: Building] INFO  o.e.m.c.i.embedder.EclipseLogger - skip non existing resourceDirectory C:\Users\marti\Escritorio\TESIS\Ejercicios\ejercicio02\src\main\resources
2024-07-29 15:46:23,072 [Worker-22: Building] INFO  o.e.m.c.i.embedder.EclipseLogger - Using 'UTF-8' encoding to copy filtered resources.
2024-07-29 15:46:23,072 [Worker-22: Building] INFO  o.e.m.c.i.embedder.EclipseLogger - skip non existing resourceDirectory C:\Users\marti\Escritorio\TESIS\Ejercicios\ejercicio02\src\test\resources
2024-07-29 15:46:31,753 [Worker-20: Building] INFO  o.e.m.c.i.embedder.EclipseLogger - Using 'UTF-8' encoding to copy filtered resources.
2024-07-29 15:46:31,753 [Worker-20: Building] INFO  o.e.m.c.i.embedder.EclipseLogger - skip non existing resourceDirectory C:\Users\marti\Escritorio\TESIS\Ejercicios\ejercicio02\src\main\resources
2024-07-29 15:46:31,758 [Worker-20: Building] INFO  o.e.m.c.i.embedder.EclipseLogger - Using 'UTF-8' encoding to copy filtered resources.
2024-07-29 15:46:31,759 [Worker-20: Building] INFO  o.e.m.c.i.embedder.EclipseLogger - skip non existing resourceDirectory C:\Users\marti\Escritorio\TESIS\Ejercicios\ejercicio02\src\test\resources
2024-07-29 15:46:41,961 [Worker-20: Building] INFO  o.e.m.c.i.embedder.EclipseLogger - Using 'UTF-8' encoding to copy filtered resources.
2024-07-29 15:46:41,962 [Worker-20: Building] INFO  o.e.m.c.i.embedder.EclipseLogger - skip non existing resourceDirectory C:\Users\marti\Escritorio\TESIS\Ejercicios\ejercicio02\src\main\resources
2024-07-29 15:46:41,966 [Worker-20: Building] INFO  o.e.m.c.i.embedder.EclipseLogger - Using 'UTF-8' encoding to copy filtered resources.
2024-07-29 15:46:41,967 [Worker-20: Building] INFO  o.e.m.c.i.embedder.EclipseLogger - skip non existing resourceDirectory C:\Users\marti\Escritorio\TESIS\Ejercicios\ejercicio02\src\test\resources
2024-07-29 15:47:00,987 [Worker-15: Building] INFO  o.e.m.c.i.embedder.EclipseLogger - Using 'UTF-8' encoding to copy filtered resources.
2024-07-29 15:47:00,988 [Worker-15: Building] INFO  o.e.m.c.i.embedder.EclipseLogger - skip non existing resourceDirectory C:\Users\marti\Escritorio\TESIS\Ejercicios\ejercicio02\src\main\resources
2024-07-29 15:47:00,994 [Worker-15: Building] INFO  o.e.m.c.i.embedder.EclipseLogger - Using 'UTF-8' encoding to copy filtered resources.
2024-07-29 15:47:00,995 [Worker-15: Building] INFO  o.e.m.c.i.embedder.EclipseLogger - skip non existing resourceDirectory C:\Users\marti\Escritorio\TESIS\Ejercicios\ejercicio02\src\test\resources
2024-07-29 15:50:30,652 [Worker-15: Building] INFO  o.e.m.c.i.embedder.EclipseLogger - Using 'UTF-8' encoding to copy filtered resources.
2024-07-29 15:50:30,661 [Worker-15: Building] INFO  o.e.m.c.i.embedder.EclipseLogger - skip non existing resourceDirectory C:\Users\marti\Escritorio\TESIS\Ejercicios\ejercicio02\src\main\resources
2024-07-29 15:50:30,664 [Worker-15: Building] INFO  o.e.m.c.i.embedder.EclipseLogger - Using 'UTF-8' encoding to copy filtered resources.
2024-07-29 15:50:30,664 [Worker-15: Building] INFO  o.e.m.c.i.embedder.EclipseLogger - skip non existing resourceDirectory C:\Users\marti\Escritorio\TESIS\Ejercicios\ejercicio02\src\test\resources
